<?xml version="1.0" encoding="UTF-8"?>
<!-- Generated by org.testng.reporters.JUnitReportReporter -->
<testsuite hostname="LAPTOP-VOQUA57D" failures="0" tests="1" name="com.mystore.testcases.EndToEndTest" time="4.316" errors="0" timestamp="2023-11-13T19:34:21 IST" skipped="0">
  <testcase classname="com.mystore.testcases.EndToEndTest" name="endToEndTest" time="4.316"/>
  <system-out/>
</testsuite> <!-- com.mystore.testcases.EndToEndTest -->
