<?xml version="1.0" encoding="UTF-8"?>
<!-- Generated by org.testng.reporters.JUnitReportReporter -->
<testsuite hostname="LAPTOP-VOQUA57D" failures="0" tests="1" name="com.mystore.testcases.HomePageTest" time="2.077" errors="0" timestamp="2023-11-13T19:34:21 IST" skipped="0">
  <testcase classname="com.mystore.testcases.HomePageTest" name="productsTest" time="2.077"/>
  <system-out/>
</testsuite> <!-- com.mystore.testcases.HomePageTest -->
