<?xml version="1.0" encoding="UTF-8"?>
<!-- Generated by org.testng.reporters.JUnitReportReporter -->
<testsuite hostname="LAPTOP-VOQUA57D" failures="0" tests="2" name="com.mystore.testcases.IndexPageTest" time="5.542" errors="0" timestamp="2023-11-06T21:44:31 IST" skipped="0">
  <testcase classname="com.mystore.testcases.IndexPageTest" name="verifyLogo" time="3.086"/>
  <system-out/>
  <testcase classname="com.mystore.testcases.IndexPageTest" name="verifyTitle" time="2.456"/>
  <system-out/>
</testsuite> <!-- com.mystore.testcases.IndexPageTest -->
