<?xml version="1.0" encoding="UTF-8"?>
<!-- Generated by org.testng.reporters.JUnitReportReporter -->
<testsuite hostname="LAPTOP-VOQUA57D" failures="0" tests="1" name="com.mystore.testcases.SignupPageTest" time="5.561" errors="0" timestamp="2023-11-08T20:17:17 IST" skipped="0">
  <testcase classname="com.mystore.testcases.SignupPageTest" name="verifySignupPageTest" time="5.561"/>
  <system-out/>
</testsuite> <!-- com.mystore.testcases.SignupPageTest -->
